/*C140*/SET SCHEMA PUBLIC
    create table if not exists despesa(\u000a    id_despesa integer identity primary key,\u000a    nome_despesa varchar(250),\u000a    categoria varchar(250),\u000a    preco double,\u000a    data  varchar(250)\u000a    )\u000a
DISCONNECT
/*C141*/SET SCHEMA PUBLIC
    create table if not exists usuarios(\u000a    id_usuario integer identity primary key,\u000a    nome varchar(250),\u000a    sobrenome varchar(250),\u000a    idade integer,\u000a    email varchar(250),\u000a    senha varchar(250)\u000a    )\u000a
DISCONNECT
/*C142*/SET SCHEMA PUBLIC
DISCONNECT
/*C143*/SET SCHEMA PUBLIC
DISCONNECT
/*C144*/SET SCHEMA PUBLIC
DISCONNECT
/*C145*/SET SCHEMA PUBLIC
DISCONNECT
/*C146*/SET SCHEMA PUBLIC
DISCONNECT
/*C147*/SET SCHEMA PUBLIC
DISCONNECT
/*C148*/SET SCHEMA PUBLIC
INSERT INTO DESPESA VALUES(15,'Doritos','Mercado',12.0E0,'03/10/2023')
COMMIT
DISCONNECT
/*C149*/SET SCHEMA PUBLIC
DISCONNECT
/*C150*/SET SCHEMA PUBLIC
DISCONNECT
/*C151*/SET SCHEMA PUBLIC
DISCONNECT
/*C152*/SET SCHEMA PUBLIC
DISCONNECT
/*C153*/SET SCHEMA PUBLIC
INSERT INTO DESPESA VALUES(16,'Abacate','Mercado',6.0E0,'03/10/2023')
COMMIT
DISCONNECT
/*C154*/SET SCHEMA PUBLIC
DISCONNECT
/*C155*/SET SCHEMA PUBLIC
DISCONNECT
/*C156*/SET SCHEMA PUBLIC
DISCONNECT
/*C157*/SET SCHEMA PUBLIC
DISCONNECT
/*C158*/SET SCHEMA PUBLIC
INSERT INTO DESPESA VALUES(17,'Lim\u00e3o','Mercado',1.0E0,'03/10/2023')
COMMIT
DISCONNECT
/*C159*/SET SCHEMA PUBLIC
DISCONNECT
/*C160*/SET SCHEMA PUBLIC
DISCONNECT
/*C161*/SET SCHEMA PUBLIC
DISCONNECT
/*C162*/SET SCHEMA PUBLIC
DISCONNECT
/*C163*/SET SCHEMA PUBLIC
INSERT INTO DESPESA VALUES(18,'Piment\u00e3o','Mercado',2.0E0,'03/10/2023')
COMMIT
DISCONNECT
/*C164*/SET SCHEMA PUBLIC
DISCONNECT
/*C165*/SET SCHEMA PUBLIC
DISCONNECT
/*C166*/SET SCHEMA PUBLIC
DISCONNECT
/*C167*/SET SCHEMA PUBLIC
DISCONNECT
/*C168*/SET SCHEMA PUBLIC
INSERT INTO DESPESA VALUES(19,'Cebola Roxa','Mercado',1.0E0,'03/10/2023')
COMMIT
DISCONNECT
/*C169*/SET SCHEMA PUBLIC
DISCONNECT
/*C170*/SET SCHEMA PUBLIC
DISCONNECT
/*C171*/SET SCHEMA PUBLIC
DISCONNECT
/*C172*/SET SCHEMA PUBLIC
DISCONNECT
/*C173*/SET SCHEMA PUBLIC
INSERT INTO DESPESA VALUES(20,'Tomate','Mercado',3.0E0,'03/10/2023')
COMMIT
DISCONNECT
/*C174*/SET SCHEMA PUBLIC
DISCONNECT
/*C175*/SET SCHEMA PUBLIC
DISCONNECT
/*C176*/SET SCHEMA PUBLIC
DISCONNECT
/*C177*/SET SCHEMA PUBLIC
DISCONNECT
/*C178*/SET SCHEMA PUBLIC
INSERT INTO DESPESA VALUES(21,'Sal','Mercado',7.0E0,'03/10/2023')
COMMIT
DISCONNECT
/*C179*/SET SCHEMA PUBLIC
DISCONNECT
/*C180*/SET SCHEMA PUBLIC
DISCONNECT
/*C181*/SET SCHEMA PUBLIC
DISCONNECT
/*C182*/SET SCHEMA PUBLIC
DISCONNECT
/*C183*/SET SCHEMA PUBLIC
DISCONNECT
/*C184*/SET SCHEMA PUBLIC
INSERT INTO USUARIOS VALUES(1,'Alexandre','Butzk',25,'davipi@com.br','123')
COMMIT
DISCONNECT
/*C185*/SET SCHEMA PUBLIC
DISCONNECT
/*C186*/SET SCHEMA PUBLIC
DISCONNECT
/*C187*/SET SCHEMA PUBLIC
DISCONNECT
/*C188*/SET SCHEMA PUBLIC
DISCONNECT
/*C189*/SET SCHEMA PUBLIC
DISCONNECT
/*C190*/SET SCHEMA PUBLIC
DISCONNECT
/*C191*/SET SCHEMA PUBLIC
DISCONNECT
/*C192*/SET SCHEMA PUBLIC
DELETE FROM DESPESA WHERE ID_DESPESA=21
COMMIT
DISCONNECT
/*C193*/SET SCHEMA PUBLIC
DISCONNECT
/*C194*/SET SCHEMA PUBLIC
DELETE FROM DESPESA WHERE ID_DESPESA=15
COMMIT
DISCONNECT
/*C195*/SET SCHEMA PUBLIC
DISCONNECT
/*C196*/SET SCHEMA PUBLIC
DISCONNECT
/*C197*/SET SCHEMA PUBLIC
DISCONNECT
/*C198*/SET SCHEMA PUBLIC
INSERT INTO DESPESA VALUES(22,'Agua','Mercado',10.0E0,'02/10/2023')
COMMIT
DISCONNECT
/*C199*/SET SCHEMA PUBLIC
DISCONNECT
/*C200*/SET SCHEMA PUBLIC
DISCONNECT
/*C201*/SET SCHEMA PUBLIC
DISCONNECT
/*C202*/SET SCHEMA PUBLIC
DISCONNECT
/*C203*/SET SCHEMA PUBLIC
DELETE FROM DESPESA WHERE ID_DESPESA=16
DELETE FROM DESPESA WHERE ID_DESPESA=17
DELETE FROM DESPESA WHERE ID_DESPESA=18
DELETE FROM DESPESA WHERE ID_DESPESA=19
DELETE FROM DESPESA WHERE ID_DESPESA=20
DELETE FROM DESPESA WHERE ID_DESPESA=22
COMMIT
DISCONNECT
/*C204*/SET SCHEMA PUBLIC
DISCONNECT
/*C205*/SET SCHEMA PUBLIC
DISCONNECT
/*C206*/SET SCHEMA PUBLIC
DISCONNECT
/*C207*/SET SCHEMA PUBLIC
DISCONNECT
/*C208*/SET SCHEMA PUBLIC
DISCONNECT
/*C209*/SET SCHEMA PUBLIC
DISCONNECT
/*C210*/SET SCHEMA PUBLIC
DISCONNECT
/*C211*/SET SCHEMA PUBLIC
DISCONNECT
/*C212*/SET SCHEMA PUBLIC
DISCONNECT
/*C213*/SET SCHEMA PUBLIC
DISCONNECT
/*C214*/SET SCHEMA PUBLIC
DISCONNECT
